<?xml version="1.0" encoding="UTF-8"?>
<!-- Generated by org.testng.reporters.JUnitXMLReporter -->
<testsuite ignored="3" hostname="LAPTOP-T5SP0DBP" failures="0" tests="3" name="Test name" time="0.076" errors="0" timestamp="2022-04-20T12:09:10 IST">
  <testcase classname="practise.Demo3" name="lmn" time="0.016"/>
  <testcase classname="practise.Demo3" name="xyz" time="0.0"/>
  <testcase classname="practise.Demo1" name="xyza" time="0.016"/>
  <testcase classname="practise.Demo1" name="lmn" time="0.0">
    <ignored/>
  </testcase> <!-- lmn -->
  <testcase classname="practise.Demo1" name="pqr" time="0.0">
    <ignored/>
  </testcase> <!-- pqr -->
  <testcase classname="practise.Demo3" name="abc" time="0.0">
    <ignored/>
  </testcase> <!-- abc -->
</testsuite> <!-- Test name -->
