<?xml version="1.0" encoding="UTF-8"?>
<!-- Generated by org.testng.reporters.JUnitXMLReporter -->
<testsuite ignored="0" hostname="LAPTOP-T5SP0DBP" failures="0" tests="3" name="Default test" time="12.109" errors="0" timestamp="2022-04-27T10:54:58 IST">
  <testcase classname="TestLayer.CreateMultipleUser" name="loginPage" time="2.73"/>
  <testcase classname="TestLayer.CreateMultipleUser" name="ValidateHomePage" time="0.013"/>
  <testcase classname="TestLayer.CreateMultipleUser" name="PimPageCraeteEmployee" time="0.0">
    <skipped/>
  </testcase> <!-- PimPageCraeteEmployee -->
</testsuite> <!-- Default test -->
