<?xml version="1.0" encoding="UTF-8"?>
<!-- Generated by org.testng.reporters.JUnitXMLReporter -->
<testsuite ignored="1" hostname="LAPTOP-T5SP0DBP" failures="0" tests="2" name="GRP-sanity" time="0.052" errors="0" timestamp="2022-04-20T11:53:41 IST">
  <testcase classname="practise.Demo3" name="lmn" time="0.016"/>
  <testcase classname="practise.Demo3" name="xyz" time="0.0"/>
  <testcase classname="practise.Demo3" name="abc" time="0.0">
    <ignored/>
  </testcase> <!-- abc -->
</testsuite> <!-- GRP-sanity -->
