<?xml version="1.0" encoding="UTF-8"?>
<!-- Generated by org.testng.reporters.JUnitXMLReporter -->
<testsuite ignored="2" hostname="LAPTOP-T5SP0DBP" failures="0" tests="1" name="GRP-smoke" time="0.064" errors="0" timestamp="2022-04-20T11:36:55 IST">
  <testcase classname="practise.Demo3" name="abc" time="0.015"/>
  <testcase classname="practise.Demo3" name="xyz" time="0.0">
    <ignored/>
  </testcase> <!-- xyz -->
  <testcase classname="practise.Demo3" name="lmn" time="0.0">
    <ignored/>
  </testcase> <!-- lmn -->
</testsuite> <!-- GRP-smoke -->
